2025-12-15 15:12:10 | INFO  | c.r.chatapp.ChatappApplicationTests | Starting ChatappApplicationTests using Java 17.0.12 with PID 21988 (started by Crown Tech in D:\spring-boot-project1\chatapp)
2025-12-15 15:12:10 | DEBUG | c.r.chatapp.ChatappApplicationTests | Running with Spring Boot v4.0.0, Spring v7.0.1
2025-12-15 15:12:10 | INFO  | c.r.chatapp.ChatappApplicationTests | No active profile set, falling back to 1 default profile: "default"
2025-12-15 15:12:12 | INFO  | o.s.d.r.c.RepositoryConfigurationDelegate | Bootstrapping Spring Data JPA repositories in DEFAULT mode.
2025-12-15 15:12:12 | INFO  | o.s.d.r.c.RepositoryConfigurationDelegate | Finished Spring Data repository scanning in 174 ms. Found 2 JPA repository interfaces.
2025-12-15 15:12:13 | INFO  | o.h.jpa.internal.util.LogHelper | HHH000204: Processing PersistenceUnitInfo [name: default]
2025-12-15 15:12:14 | INFO  | org.hibernate.Version | HHH000412: Hibernate ORM core version 7.1.8.Final
2025-12-15 15:12:15 | INFO  | o.s.o.j.p.SpringPersistenceUnitInfo | No LoadTimeWeaver setup: ignoring JPA class transformer
2025-12-15 15:12:16 | INFO  | com.zaxxer.hikari.HikariDataSource | HikariPool-1 - Starting...
2025-12-15 15:12:16 | INFO  | com.zaxxer.hikari.pool.HikariPool | HikariPool-1 - Added connection com.mysql.cj.jdbc.ConnectionImpl@36cf6377
2025-12-15 15:12:16 | INFO  | com.zaxxer.hikari.HikariDataSource | HikariPool-1 - Start completed.
2025-12-15 15:12:16 | WARN  | org.hibernate.orm.deprecation | HHH90000025: MySQLDialect does not need to be specified explicitly using 'hibernate.dialect' (remove the property setting and it will be selected by default)
2025-12-15 15:12:16 | INFO  | o.hibernate.orm.connections.pooling | HHH10001005: Database info:
	Database JDBC URL [jdbc:mysql://localhost:3306/chat_app?useSSL=false&allowPublicKeyRetrieval=true&serverTimezone=UTC]
	Database driver: MySQL Connector/J
	Database dialect: MySQLDialect
	Database version: 8.0.42
	Default catalog/schema: chat_app/undefined
	Autocommit mode: undefined/unknown
	Isolation level: REPEATABLE_READ [default REPEATABLE_READ]
	JDBC fetch size: none
	Pool: DatasourceConnectionProviderImpl
	Minimum pool size: undefined/unknown
	Maximum pool size: undefined/unknown
2025-12-15 15:12:18 | INFO  | o.h.e.t.j.p.i.JtaPlatformInitiator | HHH000489: No JTA platform available (set 'hibernate.transaction.jta.platform' to enable JTA platform integration)
2025-12-15 15:12:18 | INFO  | o.s.o.j.LocalContainerEntityManagerFactoryBean | Initialized JPA EntityManagerFactory for persistence unit 'default'
2025-12-15 15:12:19 | INFO  | o.s.d.j.r.q.QueryEnhancerFactories | Hibernate is in classpath; If applicable, HQL parser will be used.
2025-12-15 15:12:19 | INFO  | o.s.s.c.a.a.c.InitializeAuthenticationProviderBeanManagerConfigurer$InitializeAuthenticationProviderManagerConfigurer | Global AuthenticationManager configured with AuthenticationProvider bean with name authenticationProvider
2025-12-15 15:12:19 | WARN  | o.s.s.c.a.a.c.InitializeUserDetailsBeanManagerConfigurer$InitializeUserDetailsManagerConfigurer | Global AuthenticationManager configured with an AuthenticationProvider bean. UserDetailsService beans will not be used by Spring Security for automatically configuring username/password login. Consider removing the AuthenticationProvider bean. Alternatively, consider using the UserDetailsService in a manually instantiated DaoAuthenticationProvider. If the current configuration is intentional, to turn off this warning, increase the logging level of 'org.springframework.security.config.annotation.authentication.configuration.InitializeUserDetailsBeanManagerConfigurer' to ERROR
2025-12-15 15:12:19 | INFO  | c.r.c.Configuration.WebSocketConfig | Registering WebSocket Handler at /ws/chat
2025-12-15 15:12:19 | INFO  | c.r.c.Configuration.WebSocketConfig | WebSocket Handler Registered Successfully
2025-12-15 15:12:20 | WARN  | o.s.b.j.a.JpaBaseConfiguration$JpaWebConfiguration | spring.jpa.open-in-view is enabled by default. Therefore, database queries may be performed during view rendering. Explicitly configure spring.jpa.open-in-view to disable this warning
2025-12-15 15:12:21 | INFO  | c.r.chatapp.ChatappApplicationTests | Started ChatappApplicationTests in 12.436 seconds (process running for 14.572)
2025-12-15 15:12:22 | INFO  | o.s.o.j.LocalContainerEntityManagerFactoryBean | Closing JPA EntityManagerFactory for persistence unit 'default'
2025-12-15 15:12:22 | INFO  | com.zaxxer.hikari.HikariDataSource | HikariPool-1 - Shutdown initiated...
2025-12-15 15:12:22 | INFO  | com.zaxxer.hikari.HikariDataSource | HikariPool-1 - Shutdown completed.
2025-12-15 15:12:22 | INFO  | com.zaxxer.hikari.HikariDataSource | HikariPool-1 - Shutdown completed.
